        -:    0:Source:Receiver-test.cpp
        -:    1:#define CATCH_CONFIG_MAIN
        -:    2:
        -:    3:#include "catch.hpp"
        -:    4:#include "funR.h"
        -:    5:
        1:    6:TEST_CASE("vjdbjdf"){
        1:    7:    int x = funR(2);
        1:    8:    REQUIRE(x==2);
        1:    9:}
        -:   10:
        1:   11:TEST_CASE("vjdbjddvf"){
        1:   12:    int x = funR(0);
        1:   13:    REQUIRE(x==0);
        1:   14:}
        -:   15:
        1:   16:TEST_CASE("vjdbj jkvfddf"){
        1:   17:    int x = funR(1);
        1:   18:    REQUIRE(x==1);
        1:   19:}
